INFO - 2023-07-12 14:59:23 --> Session: Class initialized using 'CodeIgniter\Session\Handlers\FileHandler' driver.
INFO - 2023-07-12 15:00:20 --> Session: Class initialized using 'CodeIgniter\Session\Handlers\FileHandler' driver.
ERROR - 2023-07-12 15:06:18 --> Error connecting to the database: mysqli_sql_exception: Unknown database 'tweetclone2' in C:\xampp\htdocs\tweetclone2\system\Database\MySQLi\Connection.php:174
Stack trace:
#0 C:\xampp\htdocs\tweetclone2\system\Database\MySQLi\Connection.php(174): mysqli->real_connect('localhost', 'root', '', 'tweetclone2', 3306, '', 0)
#1 C:\xampp\htdocs\tweetclone2\system\Database\BaseConnection.php(391): CodeIgniter\Database\MySQLi\Connection->connect(false)
#2 C:\xampp\htdocs\tweetclone2\system\Database\Database.php(67): CodeIgniter\Database\BaseConnection->initialize()
#3 C:\xampp\htdocs\tweetclone2\system\Database\Config.php(109): CodeIgniter\Database\Database->loadForge(Object(CodeIgniter\Database\MySQLi\Connection))
#4 C:\xampp\htdocs\tweetclone2\system\Database\Seeder.php(97): CodeIgniter\Database\Config::forge(NULL)
#5 C:\xampp\htdocs\tweetclone2\system\Commands\Database\Seed.php(69): CodeIgniter\Database\Seeder->__construct(Object(Config\Database))
#6 C:\xampp\htdocs\tweetclone2\system\CLI\Commands.php(65): CodeIgniter\Commands\Database\Seed->run(Array)
#7 C:\xampp\htdocs\tweetclone2\system\CLI\Console.php(37): CodeIgniter\CLI\Commands->run('db:seed', Array)
#8 C:\xampp\htdocs\tweetclone2\spark(97): CodeIgniter\CLI\Console->run()
#9 {main}

Next CodeIgniter\Database\Exceptions\DatabaseException: Unknown database 'tweetclone2' in C:\xampp\htdocs\tweetclone2\system\Database\MySQLi\Connection.php:218
Stack trace:
#0 C:\xampp\htdocs\tweetclone2\system\Database\BaseConnection.php(391): CodeIgniter\Database\MySQLi\Connection->connect(false)
#1 C:\xampp\htdocs\tweetclone2\system\Database\Database.php(67): CodeIgniter\Database\BaseConnection->initialize()
#2 C:\xampp\htdocs\tweetclone2\system\Database\Config.php(109): CodeIgniter\Database\Database->loadForge(Object(CodeIgniter\Database\MySQLi\Connection))
#3 C:\xampp\htdocs\tweetclone2\system\Database\Seeder.php(97): CodeIgniter\Database\Config::forge(NULL)
#4 C:\xampp\htdocs\tweetclone2\system\Commands\Database\Seed.php(69): CodeIgniter\Database\Seeder->__construct(Object(Config\Database))
#5 C:\xampp\htdocs\tweetclone2\system\CLI\Commands.php(65): CodeIgniter\Commands\Database\Seed->run(Array)
#6 C:\xampp\htdocs\tweetclone2\system\CLI\Console.php(37): CodeIgniter\CLI\Commands->run('db:seed', Array)
#7 C:\xampp\htdocs\tweetclone2\spark(97): CodeIgniter\CLI\Console->run()
#8 {main}
CRITICAL - 2023-07-12 15:06:18 --> Unable to connect to the database.
Main connection [MySQLi]: Unknown database 'tweetclone2'
in SYSTEMPATH\Database\BaseConnection.php on line 427.
 1 SYSTEMPATH\Database\Database.php(67): CodeIgniter\Database\BaseConnection->initialize()
 2 SYSTEMPATH\Database\Config.php(109): CodeIgniter\Database\Database->loadForge(Object(CodeIgniter\Database\MySQLi\Connection))
 3 SYSTEMPATH\Database\Seeder.php(97): CodeIgniter\Database\Config::forge(null)
 4 SYSTEMPATH\Commands\Database\Seed.php(69): CodeIgniter\Database\Seeder->__construct(Object(Config\Database))
 5 SYSTEMPATH\CLI\Commands.php(65): CodeIgniter\Commands\Database\Seed->run([...])
 6 SYSTEMPATH\CLI\Console.php(37): CodeIgniter\CLI\Commands->run('db:seed', [...])
 7 ROOTPATH\spark(97): CodeIgniter\CLI\Console->run()
ERROR - 2023-07-12 15:10:43 --> Error connecting to the database: mysqli_sql_exception: Unknown database 'tweetclone2' in C:\xampp\htdocs\tweetclone2\system\Database\MySQLi\Connection.php:174
Stack trace:
#0 C:\xampp\htdocs\tweetclone2\system\Database\MySQLi\Connection.php(174): mysqli->real_connect('localhost', 'root', '', 'tweetclone2', 3306, '', 0)
#1 C:\xampp\htdocs\tweetclone2\system\Database\BaseConnection.php(391): CodeIgniter\Database\MySQLi\Connection->connect(false)
#2 C:\xampp\htdocs\tweetclone2\system\Database\Database.php(67): CodeIgniter\Database\BaseConnection->initialize()
#3 C:\xampp\htdocs\tweetclone2\system\Database\Config.php(109): CodeIgniter\Database\Database->loadForge(Object(CodeIgniter\Database\MySQLi\Connection))
#4 C:\xampp\htdocs\tweetclone2\system\Database\Seeder.php(97): CodeIgniter\Database\Config::forge(NULL)
#5 C:\xampp\htdocs\tweetclone2\system\Commands\Database\Seed.php(69): CodeIgniter\Database\Seeder->__construct(Object(Config\Database))
#6 C:\xampp\htdocs\tweetclone2\system\CLI\Commands.php(65): CodeIgniter\Commands\Database\Seed->run(Array)
#7 C:\xampp\htdocs\tweetclone2\system\CLI\Console.php(37): CodeIgniter\CLI\Commands->run('db:seed', Array)
#8 C:\xampp\htdocs\tweetclone2\spark(97): CodeIgniter\CLI\Console->run()
#9 {main}

Next CodeIgniter\Database\Exceptions\DatabaseException: Unknown database 'tweetclone2' in C:\xampp\htdocs\tweetclone2\system\Database\MySQLi\Connection.php:218
Stack trace:
#0 C:\xampp\htdocs\tweetclone2\system\Database\BaseConnection.php(391): CodeIgniter\Database\MySQLi\Connection->connect(false)
#1 C:\xampp\htdocs\tweetclone2\system\Database\Database.php(67): CodeIgniter\Database\BaseConnection->initialize()
#2 C:\xampp\htdocs\tweetclone2\system\Database\Config.php(109): CodeIgniter\Database\Database->loadForge(Object(CodeIgniter\Database\MySQLi\Connection))
#3 C:\xampp\htdocs\tweetclone2\system\Database\Seeder.php(97): CodeIgniter\Database\Config::forge(NULL)
#4 C:\xampp\htdocs\tweetclone2\system\Commands\Database\Seed.php(69): CodeIgniter\Database\Seeder->__construct(Object(Config\Database))
#5 C:\xampp\htdocs\tweetclone2\system\CLI\Commands.php(65): CodeIgniter\Commands\Database\Seed->run(Array)
#6 C:\xampp\htdocs\tweetclone2\system\CLI\Console.php(37): CodeIgniter\CLI\Commands->run('db:seed', Array)
#7 C:\xampp\htdocs\tweetclone2\spark(97): CodeIgniter\CLI\Console->run()
#8 {main}
CRITICAL - 2023-07-12 15:10:43 --> Unable to connect to the database.
Main connection [MySQLi]: Unknown database 'tweetclone2'
in SYSTEMPATH\Database\BaseConnection.php on line 427.
 1 SYSTEMPATH\Database\Database.php(67): CodeIgniter\Database\BaseConnection->initialize()
 2 SYSTEMPATH\Database\Config.php(109): CodeIgniter\Database\Database->loadForge(Object(CodeIgniter\Database\MySQLi\Connection))
 3 SYSTEMPATH\Database\Seeder.php(97): CodeIgniter\Database\Config::forge(null)
 4 SYSTEMPATH\Commands\Database\Seed.php(69): CodeIgniter\Database\Seeder->__construct(Object(Config\Database))
 5 SYSTEMPATH\CLI\Commands.php(65): CodeIgniter\Commands\Database\Seed->run([...])
 6 SYSTEMPATH\CLI\Console.php(37): CodeIgniter\CLI\Commands->run('db:seed', [...])
 7 ROOTPATH\spark(97): CodeIgniter\CLI\Console->run()
ERROR - 2023-07-12 15:14:11 --> mysqli_sql_exception: Table 'tweetclone2.users' doesn't exist in C:\xampp\htdocs\tweetclone2\system\Database\MySQLi\Connection.php:295
Stack trace:
#0 C:\xampp\htdocs\tweetclone2\system\Database\MySQLi\Connection.php(295): mysqli->query('INSERT INTO `us...', 0)
#1 C:\xampp\htdocs\tweetclone2\system\Database\BaseConnection.php(692): CodeIgniter\Database\MySQLi\Connection->execute('INSERT INTO `us...')
#2 C:\xampp\htdocs\tweetclone2\system\Database\BaseConnection.php(606): CodeIgniter\Database\BaseConnection->simpleQuery('INSERT INTO `us...')
#3 C:\xampp\htdocs\tweetclone2\system\Database\BaseBuilder.php(2309): CodeIgniter\Database\BaseConnection->query('INSERT INTO `us...', Array, false)
#4 C:\xampp\htdocs\tweetclone2\system\Model.php(330): CodeIgniter\Database\BaseBuilder->insert()
#5 C:\xampp\htdocs\tweetclone2\system\BaseModel.php(782): CodeIgniter\Model->doInsert(Array)
#6 C:\xampp\htdocs\tweetclone2\system\Model.php(730): CodeIgniter\BaseModel->insert(Array, false)
#7 C:\xampp\htdocs\tweetclone2\system\BaseModel.php(692): CodeIgniter\Model->insert(Object(App\Entities\User), false)
#8 C:\xampp\htdocs\tweetclone2\app\Models\UserModel.php(33): CodeIgniter\BaseModel->save(Object(App\Entities\User))
#9 C:\xampp\htdocs\tweetclone2\app\Database\Seeds\UserSeeder.php(79): App\Models\UserModel->addUser(Array)
#10 C:\xampp\htdocs\tweetclone2\system\Database\Seeder.php(146): App\Database\Seeds\UserSeeder->run()
#11 C:\xampp\htdocs\tweetclone2\system\Commands\Database\Seed.php(77): CodeIgniter\Database\Seeder->call('App\\Database\\Se...')
#12 C:\xampp\htdocs\tweetclone2\system\CLI\Commands.php(65): CodeIgniter\Commands\Database\Seed->run(Array)
#13 C:\xampp\htdocs\tweetclone2\system\CLI\Console.php(37): CodeIgniter\CLI\Commands->run('db:seed', Array)
#14 C:\xampp\htdocs\tweetclone2\spark(97): CodeIgniter\CLI\Console->run()
#15 {main}
ERROR - 2023-07-12 15:16:06 --> mysqli_sql_exception: Table 'tweetclone2.users' doesn't exist in C:\xampp\htdocs\tweetclone2\system\Database\MySQLi\Connection.php:295
Stack trace:
#0 C:\xampp\htdocs\tweetclone2\system\Database\MySQLi\Connection.php(295): mysqli->query('INSERT INTO `us...', 0)
#1 C:\xampp\htdocs\tweetclone2\system\Database\BaseConnection.php(692): CodeIgniter\Database\MySQLi\Connection->execute('INSERT INTO `us...')
#2 C:\xampp\htdocs\tweetclone2\system\Database\BaseConnection.php(606): CodeIgniter\Database\BaseConnection->simpleQuery('INSERT INTO `us...')
#3 C:\xampp\htdocs\tweetclone2\system\Database\BaseBuilder.php(2309): CodeIgniter\Database\BaseConnection->query('INSERT INTO `us...', Array, false)
#4 C:\xampp\htdocs\tweetclone2\system\Model.php(330): CodeIgniter\Database\BaseBuilder->insert()
#5 C:\xampp\htdocs\tweetclone2\system\BaseModel.php(782): CodeIgniter\Model->doInsert(Array)
#6 C:\xampp\htdocs\tweetclone2\system\Model.php(730): CodeIgniter\BaseModel->insert(Array, false)
#7 C:\xampp\htdocs\tweetclone2\system\BaseModel.php(692): CodeIgniter\Model->insert(Object(App\Entities\User), false)
#8 C:\xampp\htdocs\tweetclone2\app\Models\UserModel.php(33): CodeIgniter\BaseModel->save(Object(App\Entities\User))
#9 C:\xampp\htdocs\tweetclone2\app\Database\Seeds\UserSeeder.php(79): App\Models\UserModel->addUser(Array)
#10 C:\xampp\htdocs\tweetclone2\system\Database\Seeder.php(146): App\Database\Seeds\UserSeeder->run()
#11 C:\xampp\htdocs\tweetclone2\system\Commands\Database\Seed.php(77): CodeIgniter\Database\Seeder->call('App\\Database\\Se...')
#12 C:\xampp\htdocs\tweetclone2\system\CLI\Commands.php(65): CodeIgniter\Commands\Database\Seed->run(Array)
#13 C:\xampp\htdocs\tweetclone2\system\CLI\Console.php(37): CodeIgniter\CLI\Commands->run('db:seed', Array)
#14 C:\xampp\htdocs\tweetclone2\spark(97): CodeIgniter\CLI\Console->run()
#15 {main}
ERROR - 2023-07-12 15:16:47 --> mysqli_sql_exception: Table 'tweetclone2.tweets' doesn't exist in C:\xampp\htdocs\tweetclone2\system\Database\MySQLi\Connection.php:295
Stack trace:
#0 C:\xampp\htdocs\tweetclone2\system\Database\MySQLi\Connection.php(295): mysqli->query('INSERT INTO `tw...', 0)
#1 C:\xampp\htdocs\tweetclone2\system\Database\BaseConnection.php(692): CodeIgniter\Database\MySQLi\Connection->execute('INSERT INTO `tw...')
#2 C:\xampp\htdocs\tweetclone2\system\Database\BaseConnection.php(606): CodeIgniter\Database\BaseConnection->simpleQuery('INSERT INTO `tw...')
#3 C:\xampp\htdocs\tweetclone2\system\Database\BaseBuilder.php(2309): CodeIgniter\Database\BaseConnection->query('INSERT INTO `tw...', Array, false)
#4 C:\xampp\htdocs\tweetclone2\app\Database\Seeds\TweetSeeder.php(615): CodeIgniter\Database\BaseBuilder->insert(Array)
#5 C:\xampp\htdocs\tweetclone2\system\Database\Seeder.php(146): App\Database\Seeds\TweetSeeder->run()
#6 C:\xampp\htdocs\tweetclone2\system\Commands\Database\Seed.php(77): CodeIgniter\Database\Seeder->call('App\\Database\\Se...')
#7 C:\xampp\htdocs\tweetclone2\system\CLI\Commands.php(65): CodeIgniter\Commands\Database\Seed->run(Array)
#8 C:\xampp\htdocs\tweetclone2\system\CLI\Console.php(37): CodeIgniter\CLI\Commands->run('db:seed', Array)
#9 C:\xampp\htdocs\tweetclone2\spark(97): CodeIgniter\CLI\Console->run()
#10 {main}
ERROR - 2023-07-12 15:19:11 --> mysqli_sql_exception: Cannot add or update a child row: a foreign key constraint fails (`tweetclone2`.`tweets`, CONSTRAINT `fk_user` FOREIGN KEY (`user_id`) REFERENCES `users` (`id`) ON DELETE CASCADE ON UPDATE CASCADE) in C:\xampp\htdocs\tweetclone2\system\Database\MySQLi\Connection.php:295
Stack trace:
#0 C:\xampp\htdocs\tweetclone2\system\Database\MySQLi\Connection.php(295): mysqli->query('INSERT INTO `tw...', 0)
#1 C:\xampp\htdocs\tweetclone2\system\Database\BaseConnection.php(692): CodeIgniter\Database\MySQLi\Connection->execute('INSERT INTO `tw...')
#2 C:\xampp\htdocs\tweetclone2\system\Database\BaseConnection.php(606): CodeIgniter\Database\BaseConnection->simpleQuery('INSERT INTO `tw...')
#3 C:\xampp\htdocs\tweetclone2\system\Database\BaseBuilder.php(2309): CodeIgniter\Database\BaseConnection->query('INSERT INTO `tw...', Array, false)
#4 C:\xampp\htdocs\tweetclone2\app\Database\Seeds\TweetSeeder.php(615): CodeIgniter\Database\BaseBuilder->insert(Array)
#5 C:\xampp\htdocs\tweetclone2\system\Database\Seeder.php(146): App\Database\Seeds\TweetSeeder->run()
#6 C:\xampp\htdocs\tweetclone2\system\Commands\Database\Seed.php(77): CodeIgniter\Database\Seeder->call('App\\Database\\Se...')
#7 C:\xampp\htdocs\tweetclone2\system\CLI\Commands.php(65): CodeIgniter\Commands\Database\Seed->run(Array)
#8 C:\xampp\htdocs\tweetclone2\system\CLI\Console.php(37): CodeIgniter\CLI\Commands->run('db:seed', Array)
#9 C:\xampp\htdocs\tweetclone2\spark(97): CodeIgniter\CLI\Console->run()
#10 {main}
INFO - 2023-07-12 15:21:32 --> Session: Class initialized using 'CodeIgniter\Session\Handlers\FileHandler' driver.
INFO - 2023-07-12 15:22:07 --> Session: Class initialized using 'CodeIgniter\Session\Handlers\FileHandler' driver.
INFO - 2023-07-12 15:22:07 --> Session: Class initialized using 'CodeIgniter\Session\Handlers\FileHandler' driver.
CRITICAL - 2023-07-12 15:22:07 --> Class 'App\Controllers\TweetModel' not found
in APPPATH\Controllers\Tweet.php on line 18.
 1 SYSTEMPATH\CodeIgniter.php(906): App\Controllers\Tweet->__construct()
 2 SYSTEMPATH\CodeIgniter.php(490): CodeIgniter\CodeIgniter->createController()
 3 SYSTEMPATH\CodeIgniter.php(368): CodeIgniter\CodeIgniter->handleRequest(null, Object(Config\Cache), false)
 4 FCPATH\index.php(67): CodeIgniter\CodeIgniter->run()
INFO - 2023-07-12 15:25:41 --> Session: Class initialized using 'CodeIgniter\Session\Handlers\FileHandler' driver.
CRITICAL - 2023-07-12 15:25:41 --> Undefined variable: sess
in APPPATH\Views\tweet_home.php on line 11.
 1 APPPATH\Views\tweet_home.php(11): CodeIgniter\Debug\Exceptions->errorHandler(8, 'Undefined variable: sess', 'C:\\xampp\\htdocs\\tweetclone2\\app\\Views\\tweet_home.php', 11, [...])
 2 SYSTEMPATH\View\View.php(213): include('C:\\xampp\\htdocs\\tweetclone2\\app\\Views\\tweet_home.php')
 3 SYSTEMPATH\View\View.php(216): CodeIgniter\View\View->CodeIgniter\View\{closure}()
 4 SYSTEMPATH\Common.php(1184): CodeIgniter\View\View->render('tweet_home', [], true)
 5 APPPATH\Controllers\Tweet.php(32): view('tweet_home', [...])
 6 SYSTEMPATH\CodeIgniter.php(934): App\Controllers\Tweet->index()
 7 SYSTEMPATH\CodeIgniter.php(499): CodeIgniter\CodeIgniter->runController(Object(App\Controllers\Tweet))
 8 SYSTEMPATH\CodeIgniter.php(368): CodeIgniter\CodeIgniter->handleRequest(null, Object(Config\Cache), false)
 9 FCPATH\index.php(67): CodeIgniter\CodeIgniter->run()
INFO - 2023-07-12 15:32:10 --> Session: Class initialized using 'CodeIgniter\Session\Handlers\FileHandler' driver.
CRITICAL - 2023-07-12 15:32:10 --> Undefined variable: sess
in APPPATH\Views\tweet_home.php on line 11.
 1 APPPATH\Views\tweet_home.php(11): CodeIgniter\Debug\Exceptions->errorHandler(8, 'Undefined variable: sess', 'C:\\xampp\\htdocs\\tweetclone2\\app\\Views\\tweet_home.php', 11, [...])
 2 SYSTEMPATH\View\View.php(213): include('C:\\xampp\\htdocs\\tweetclone2\\app\\Views\\tweet_home.php')
 3 SYSTEMPATH\View\View.php(216): CodeIgniter\View\View->CodeIgniter\View\{closure}()
 4 SYSTEMPATH\Common.php(1184): CodeIgniter\View\View->render('tweet_home', [], true)
 5 APPPATH\Controllers\Tweet.php(32): view('tweet_home', [...])
 6 SYSTEMPATH\CodeIgniter.php(934): App\Controllers\Tweet->index()
 7 SYSTEMPATH\CodeIgniter.php(499): CodeIgniter\CodeIgniter->runController(Object(App\Controllers\Tweet))
 8 SYSTEMPATH\CodeIgniter.php(368): CodeIgniter\CodeIgniter->handleRequest(null, Object(Config\Cache), false)
 9 FCPATH\index.php(67): CodeIgniter\CodeIgniter->run()
INFO - 2023-07-12 15:33:38 --> Session: Class initialized using 'CodeIgniter\Session\Handlers\FileHandler' driver.
CRITICAL - 2023-07-12 15:33:38 --> Undefined variable: sess
in APPPATH\Views\tweet_home.php on line 12.
 1 APPPATH\Views\tweet_home.php(12): CodeIgniter\Debug\Exceptions->errorHandler(8, 'Undefined variable: sess', 'C:\\xampp\\htdocs\\tweetclone2\\app\\Views\\tweet_home.php', 12, [...])
 2 SYSTEMPATH\View\View.php(213): include('C:\\xampp\\htdocs\\tweetclone2\\app\\Views\\tweet_home.php')
 3 SYSTEMPATH\View\View.php(216): CodeIgniter\View\View->CodeIgniter\View\{closure}()
 4 SYSTEMPATH\Common.php(1184): CodeIgniter\View\View->render('tweet_home', [], true)
 5 APPPATH\Controllers\Tweet.php(32): view('tweet_home', [...])
 6 SYSTEMPATH\CodeIgniter.php(934): App\Controllers\Tweet->index()
 7 SYSTEMPATH\CodeIgniter.php(499): CodeIgniter\CodeIgniter->runController(Object(App\Controllers\Tweet))
 8 SYSTEMPATH\CodeIgniter.php(368): CodeIgniter\CodeIgniter->handleRequest(null, Object(Config\Cache), false)
 9 FCPATH\index.php(67): CodeIgniter\CodeIgniter->run()
INFO - 2023-07-12 15:33:40 --> Session: Class initialized using 'CodeIgniter\Session\Handlers\FileHandler' driver.
CRITICAL - 2023-07-12 15:33:40 --> Undefined variable: sess
in APPPATH\Views\tweet_home.php on line 12.
 1 APPPATH\Views\tweet_home.php(12): CodeIgniter\Debug\Exceptions->errorHandler(8, 'Undefined variable: sess', 'C:\\xampp\\htdocs\\tweetclone2\\app\\Views\\tweet_home.php', 12, [...])
 2 SYSTEMPATH\View\View.php(213): include('C:\\xampp\\htdocs\\tweetclone2\\app\\Views\\tweet_home.php')
 3 SYSTEMPATH\View\View.php(216): CodeIgniter\View\View->CodeIgniter\View\{closure}()
 4 SYSTEMPATH\Common.php(1184): CodeIgniter\View\View->render('tweet_home', [], true)
 5 APPPATH\Controllers\Tweet.php(32): view('tweet_home', [...])
 6 SYSTEMPATH\CodeIgniter.php(934): App\Controllers\Tweet->index()
 7 SYSTEMPATH\CodeIgniter.php(499): CodeIgniter\CodeIgniter->runController(Object(App\Controllers\Tweet))
 8 SYSTEMPATH\CodeIgniter.php(368): CodeIgniter\CodeIgniter->handleRequest(null, Object(Config\Cache), false)
 9 FCPATH\index.php(67): CodeIgniter\CodeIgniter->run()
INFO - 2023-07-12 15:35:14 --> Session: Class initialized using 'CodeIgniter\Session\Handlers\FileHandler' driver.
CRITICAL - 2023-07-12 15:35:14 --> Undefined variable: sess
in APPPATH\Views\tweet_home.php on line 11.
 1 APPPATH\Views\tweet_home.php(11): CodeIgniter\Debug\Exceptions->errorHandler(8, 'Undefined variable: sess', 'C:\\xampp\\htdocs\\tweetclone2\\app\\Views\\tweet_home.php', 11, [...])
 2 SYSTEMPATH\View\View.php(213): include('C:\\xampp\\htdocs\\tweetclone2\\app\\Views\\tweet_home.php')
 3 SYSTEMPATH\View\View.php(216): CodeIgniter\View\View->CodeIgniter\View\{closure}()
 4 SYSTEMPATH\Common.php(1184): CodeIgniter\View\View->render('tweet_home', [], true)
 5 APPPATH\Controllers\Tweet.php(32): view('tweet_home', [...])
 6 SYSTEMPATH\CodeIgniter.php(934): App\Controllers\Tweet->index()
 7 SYSTEMPATH\CodeIgniter.php(499): CodeIgniter\CodeIgniter->runController(Object(App\Controllers\Tweet))
 8 SYSTEMPATH\CodeIgniter.php(368): CodeIgniter\CodeIgniter->handleRequest(null, Object(Config\Cache), false)
 9 FCPATH\index.php(67): CodeIgniter\CodeIgniter->run()
INFO - 2023-07-12 15:38:32 --> Session: Class initialized using 'CodeIgniter\Session\Handlers\FileHandler' driver.
CRITICAL - 2023-07-12 15:38:32 --> Object of class App\Entities\Tweet could not be converted to string
in APPPATH\Views\tweet_home.php on line 105.
 1 SYSTEMPATH\View\View.php(213): include()
 2 SYSTEMPATH\View\View.php(216): CodeIgniter\View\View->CodeIgniter\View\{closure}()
 3 SYSTEMPATH\Common.php(1184): CodeIgniter\View\View->render('tweet_home', [], true)
 4 APPPATH\Controllers\Tweet.php(32): view('tweet_home', [...])
 5 SYSTEMPATH\CodeIgniter.php(934): App\Controllers\Tweet->index()
 6 SYSTEMPATH\CodeIgniter.php(499): CodeIgniter\CodeIgniter->runController(Object(App\Controllers\Tweet))
 7 SYSTEMPATH\CodeIgniter.php(368): CodeIgniter\CodeIgniter->handleRequest(null, Object(Config\Cache), false)
 8 FCPATH\index.php(67): CodeIgniter\CodeIgniter->run()
INFO - 2023-07-12 15:38:35 --> Session: Class initialized using 'CodeIgniter\Session\Handlers\FileHandler' driver.
CRITICAL - 2023-07-12 15:38:35 --> Object of class App\Entities\Tweet could not be converted to string
in APPPATH\Views\tweet_home.php on line 105.
 1 SYSTEMPATH\View\View.php(213): include()
 2 SYSTEMPATH\View\View.php(216): CodeIgniter\View\View->CodeIgniter\View\{closure}()
 3 SYSTEMPATH\Common.php(1184): CodeIgniter\View\View->render('tweet_home', [], true)
 4 APPPATH\Controllers\Tweet.php(32): view('tweet_home', [...])
 5 SYSTEMPATH\CodeIgniter.php(934): App\Controllers\Tweet->index()
 6 SYSTEMPATH\CodeIgniter.php(499): CodeIgniter\CodeIgniter->runController(Object(App\Controllers\Tweet))
 7 SYSTEMPATH\CodeIgniter.php(368): CodeIgniter\CodeIgniter->handleRequest(null, Object(Config\Cache), false)
 8 FCPATH\index.php(67): CodeIgniter\CodeIgniter->run()
INFO - 2023-07-12 15:41:15 --> Session: Class initialized using 'CodeIgniter\Session\Handlers\FileHandler' driver.
INFO - 2023-07-12 15:41:20 --> Session: Class initialized using 'CodeIgniter\Session\Handlers\FileHandler' driver.
INFO - 2023-07-12 15:42:11 --> Session: Class initialized using 'CodeIgniter\Session\Handlers\FileHandler' driver.
INFO - 2023-07-12 15:42:21 --> Session: Class initialized using 'CodeIgniter\Session\Handlers\FileHandler' driver.
INFO - 2023-07-12 15:42:27 --> Session: Class initialized using 'CodeIgniter\Session\Handlers\FileHandler' driver.
INFO - 2023-07-12 15:42:28 --> Session: Class initialized using 'CodeIgniter\Session\Handlers\FileHandler' driver.
INFO - 2023-07-12 15:43:00 --> Session: Class initialized using 'CodeIgniter\Session\Handlers\FileHandler' driver.
INFO - 2023-07-12 15:43:42 --> Session: Class initialized using 'CodeIgniter\Session\Handlers\FileHandler' driver.
INFO - 2023-07-12 15:43:50 --> Session: Class initialized using 'CodeIgniter\Session\Handlers\FileHandler' driver.
INFO - 2023-07-12 15:43:59 --> Session: Class initialized using 'CodeIgniter\Session\Handlers\FileHandler' driver.
INFO - 2023-07-12 15:43:59 --> Session: Class initialized using 'CodeIgniter\Session\Handlers\FileHandler' driver.
INFO - 2023-07-12 15:47:15 --> Session: Class initialized using 'CodeIgniter\Session\Handlers\FileHandler' driver.
INFO - 2023-07-12 15:47:20 --> Session: Class initialized using 'CodeIgniter\Session\Handlers\FileHandler' driver.
INFO - 2023-07-12 15:48:23 --> Session: Class initialized using 'CodeIgniter\Session\Handlers\FileHandler' driver.
INFO - 2023-07-12 15:48:30 --> Session: Class initialized using 'CodeIgniter\Session\Handlers\FileHandler' driver.
INFO - 2023-07-12 15:48:30 --> Session: Class initialized using 'CodeIgniter\Session\Handlers\FileHandler' driver.
INFO - 2023-07-12 15:48:49 --> Session: Class initialized using 'CodeIgniter\Session\Handlers\FileHandler' driver.
CRITICAL - 2023-07-12 15:48:50 --> Invalid file: "tweet_edit.php"
in SYSTEMPATH\Exceptions\FrameworkException.php on line 33.
 1 SYSTEMPATH\View\View.php(201): CodeIgniter\Exceptions\FrameworkException::forInvalidFile('tweet_edit.php')
 2 SYSTEMPATH\Common.php(1184): CodeIgniter\View\View->render('tweet_edit', [], true)
 3 APPPATH\Controllers\Tweet.php(62): view('tweet_edit', [...])
 4 SYSTEMPATH\CodeIgniter.php(934): App\Controllers\Tweet->editForm('103')
 5 SYSTEMPATH\CodeIgniter.php(499): CodeIgniter\CodeIgniter->runController(Object(App\Controllers\Tweet))
 6 SYSTEMPATH\CodeIgniter.php(368): CodeIgniter\CodeIgniter->handleRequest(null, Object(Config\Cache), false)
 7 FCPATH\index.php(67): CodeIgniter\CodeIgniter->run()
INFO - 2023-07-12 15:53:22 --> Session: Class initialized using 'CodeIgniter\Session\Handlers\FileHandler' driver.
INFO - 2023-07-12 15:53:25 --> Session: Class initialized using 'CodeIgniter\Session\Handlers\FileHandler' driver.
INFO - 2023-07-12 15:53:25 --> Session: Class initialized using 'CodeIgniter\Session\Handlers\FileHandler' driver.
INFO - 2023-07-12 15:53:28 --> Session: Class initialized using 'CodeIgniter\Session\Handlers\FileHandler' driver.
INFO - 2023-07-12 15:53:28 --> Session: Class initialized using 'CodeIgniter\Session\Handlers\FileHandler' driver.
INFO - 2023-07-12 15:53:32 --> Session: Class initialized using 'CodeIgniter\Session\Handlers\FileHandler' driver.
INFO - 2023-07-12 15:53:32 --> Session: Class initialized using 'CodeIgniter\Session\Handlers\FileHandler' driver.
INFO - 2023-07-12 15:53:35 --> Session: Class initialized using 'CodeIgniter\Session\Handlers\FileHandler' driver.
INFO - 2023-07-12 15:53:35 --> Session: Class initialized using 'CodeIgniter\Session\Handlers\FileHandler' driver.
INFO - 2023-07-12 15:53:39 --> Session: Class initialized using 'CodeIgniter\Session\Handlers\FileHandler' driver.
INFO - 2023-07-12 15:53:39 --> Session: Class initialized using 'CodeIgniter\Session\Handlers\FileHandler' driver.
INFO - 2023-07-12 15:53:40 --> Session: Class initialized using 'CodeIgniter\Session\Handlers\FileHandler' driver.
INFO - 2023-07-12 15:53:40 --> Session: Class initialized using 'CodeIgniter\Session\Handlers\FileHandler' driver.
INFO - 2023-07-12 15:53:42 --> Session: Class initialized using 'CodeIgniter\Session\Handlers\FileHandler' driver.
CRITICAL - 2023-07-12 15:53:42 --> Invalid file: "tweet_edit.php"
in SYSTEMPATH\Exceptions\FrameworkException.php on line 33.
 1 SYSTEMPATH\View\View.php(201): CodeIgniter\Exceptions\FrameworkException::forInvalidFile('tweet_edit.php')
 2 SYSTEMPATH\Common.php(1184): CodeIgniter\View\View->render('tweet_edit', [], true)
 3 APPPATH\Controllers\Tweet.php(62): view('tweet_edit', [...])
 4 SYSTEMPATH\CodeIgniter.php(934): App\Controllers\Tweet->editForm('103')
 5 SYSTEMPATH\CodeIgniter.php(499): CodeIgniter\CodeIgniter->runController(Object(App\Controllers\Tweet))
 6 SYSTEMPATH\CodeIgniter.php(368): CodeIgniter\CodeIgniter->handleRequest(null, Object(Config\Cache), false)
 7 FCPATH\index.php(67): CodeIgniter\CodeIgniter->run()
INFO - 2023-07-12 15:58:17 --> Session: Class initialized using 'CodeIgniter\Session\Handlers\FileHandler' driver.
INFO - 2023-07-12 15:58:20 --> Session: Class initialized using 'CodeIgniter\Session\Handlers\FileHandler' driver.
CRITICAL - 2023-07-12 15:58:20 --> There is no data to update.
in SYSTEMPATH\BaseModel.php on line 1703.
 1 SYSTEMPATH\BaseModel.php(1703): CodeIgniter\Database\Exceptions\DataException::forEmptyDataset('update')
 2 SYSTEMPATH\BaseModel.php(910): CodeIgniter\BaseModel->transformDataToArray([], 'update')
 3 SYSTEMPATH\Model.php(756): CodeIgniter\BaseModel->update([...], Object(App\Entities\Tweet))
 4 SYSTEMPATH\BaseModel.php(690): CodeIgniter\Model->update('103', Object(App\Entities\Tweet))
 5 APPPATH\Models\TweetModel.php(52): CodeIgniter\BaseModel->save(Object(App\Entities\Tweet))
 6 APPPATH\Controllers\Tweet.php(79): App\Models\TweetModel->editTweet([...])
 7 SYSTEMPATH\CodeIgniter.php(934): App\Controllers\Tweet->editTweet()
 8 SYSTEMPATH\CodeIgniter.php(499): CodeIgniter\CodeIgniter->runController(Object(App\Controllers\Tweet))
 9 SYSTEMPATH\CodeIgniter.php(368): CodeIgniter\CodeIgniter->handleRequest(null, Object(Config\Cache), false)
10 FCPATH\index.php(67): CodeIgniter\CodeIgniter->run()
INFO - 2023-07-12 15:58:29 --> Session: Class initialized using 'CodeIgniter\Session\Handlers\FileHandler' driver.
INFO - 2023-07-12 15:58:37 --> Session: Class initialized using 'CodeIgniter\Session\Handlers\FileHandler' driver.
INFO - 2023-07-12 15:58:38 --> Session: Class initialized using 'CodeIgniter\Session\Handlers\FileHandler' driver.
INFO - 2023-07-12 15:58:43 --> Session: Class initialized using 'CodeIgniter\Session\Handlers\FileHandler' driver.
INFO - 2023-07-12 15:58:43 --> Session: Class initialized using 'CodeIgniter\Session\Handlers\FileHandler' driver.
INFO - 2023-07-12 15:58:46 --> Session: Class initialized using 'CodeIgniter\Session\Handlers\FileHandler' driver.
INFO - 2023-07-12 15:58:46 --> Session: Class initialized using 'CodeIgniter\Session\Handlers\FileHandler' driver.
INFO - 2023-07-12 15:58:54 --> Session: Class initialized using 'CodeIgniter\Session\Handlers\FileHandler' driver.
INFO - 2023-07-12 15:58:59 --> Session: Class initialized using 'CodeIgniter\Session\Handlers\FileHandler' driver.
INFO - 2023-07-12 15:59:02 --> Session: Class initialized using 'CodeIgniter\Session\Handlers\FileHandler' driver.
INFO - 2023-07-12 15:59:08 --> Session: Class initialized using 'CodeIgniter\Session\Handlers\FileHandler' driver.
INFO - 2023-07-12 15:59:14 --> Session: Class initialized using 'CodeIgniter\Session\Handlers\FileHandler' driver.
INFO - 2023-07-12 15:59:14 --> Session: Class initialized using 'CodeIgniter\Session\Handlers\FileHandler' driver.
INFO - 2023-07-12 15:59:24 --> Session: Class initialized using 'CodeIgniter\Session\Handlers\FileHandler' driver.
INFO - 2023-07-12 15:59:25 --> Session: Class initialized using 'CodeIgniter\Session\Handlers\FileHandler' driver.
CRITICAL - 2023-07-12 15:59:25 --> There is no data to update.
in SYSTEMPATH\BaseModel.php on line 1703.
 1 SYSTEMPATH\BaseModel.php(1703): CodeIgniter\Database\Exceptions\DataException::forEmptyDataset('update')
 2 SYSTEMPATH\BaseModel.php(910): CodeIgniter\BaseModel->transformDataToArray([], 'update')
 3 SYSTEMPATH\Model.php(756): CodeIgniter\BaseModel->update([...], Object(App\Entities\Tweet))
 4 SYSTEMPATH\BaseModel.php(690): CodeIgniter\Model->update('103', Object(App\Entities\Tweet))
 5 APPPATH\Models\TweetModel.php(52): CodeIgniter\BaseModel->save(Object(App\Entities\Tweet))
 6 APPPATH\Controllers\Tweet.php(79): App\Models\TweetModel->editTweet([...])
 7 SYSTEMPATH\CodeIgniter.php(934): App\Controllers\Tweet->editTweet()
 8 SYSTEMPATH\CodeIgniter.php(499): CodeIgniter\CodeIgniter->runController(Object(App\Controllers\Tweet))
 9 SYSTEMPATH\CodeIgniter.php(368): CodeIgniter\CodeIgniter->handleRequest(null, Object(Config\Cache), false)
10 FCPATH\index.php(67): CodeIgniter\CodeIgniter->run()
INFO - 2023-07-12 16:00:02 --> Session: Class initialized using 'CodeIgniter\Session\Handlers\FileHandler' driver.
INFO - 2023-07-12 16:00:05 --> Session: Class initialized using 'CodeIgniter\Session\Handlers\FileHandler' driver.
INFO - 2023-07-12 16:00:07 --> Session: Class initialized using 'CodeIgniter\Session\Handlers\FileHandler' driver.
INFO - 2023-07-12 16:00:09 --> Session: Class initialized using 'CodeIgniter\Session\Handlers\FileHandler' driver.
INFO - 2023-07-12 16:00:11 --> Session: Class initialized using 'CodeIgniter\Session\Handlers\FileHandler' driver.
INFO - 2023-07-12 16:00:12 --> Session: Class initialized using 'CodeIgniter\Session\Handlers\FileHandler' driver.
INFO - 2023-07-12 16:00:15 --> Session: Class initialized using 'CodeIgniter\Session\Handlers\FileHandler' driver.
INFO - 2023-07-12 16:00:16 --> Session: Class initialized using 'CodeIgniter\Session\Handlers\FileHandler' driver.
CRITICAL - 2023-07-12 16:00:16 --> There is no data to update.
in SYSTEMPATH\BaseModel.php on line 1703.
 1 SYSTEMPATH\BaseModel.php(1703): CodeIgniter\Database\Exceptions\DataException::forEmptyDataset('update')
 2 SYSTEMPATH\BaseModel.php(910): CodeIgniter\BaseModel->transformDataToArray([], 'update')
 3 SYSTEMPATH\Model.php(756): CodeIgniter\BaseModel->update([...], Object(App\Entities\Tweet))
 4 SYSTEMPATH\BaseModel.php(690): CodeIgniter\Model->update('103', Object(App\Entities\Tweet))
 5 APPPATH\Models\TweetModel.php(52): CodeIgniter\BaseModel->save(Object(App\Entities\Tweet))
 6 APPPATH\Controllers\Tweet.php(79): App\Models\TweetModel->editTweet([...])
 7 SYSTEMPATH\CodeIgniter.php(934): App\Controllers\Tweet->editTweet()
 8 SYSTEMPATH\CodeIgniter.php(499): CodeIgniter\CodeIgniter->runController(Object(App\Controllers\Tweet))
 9 SYSTEMPATH\CodeIgniter.php(368): CodeIgniter\CodeIgniter->handleRequest(null, Object(Config\Cache), false)
10 FCPATH\index.php(67): CodeIgniter\CodeIgniter->run()
INFO - 2023-07-12 16:00:18 --> Session: Class initialized using 'CodeIgniter\Session\Handlers\FileHandler' driver.
INFO - 2023-07-12 16:00:40 --> Session: Class initialized using 'CodeIgniter\Session\Handlers\FileHandler' driver.
INFO - 2023-07-12 16:00:43 --> Session: Class initialized using 'CodeIgniter\Session\Handlers\FileHandler' driver.
INFO - 2023-07-12 16:00:45 --> Session: Class initialized using 'CodeIgniter\Session\Handlers\FileHandler' driver.
INFO - 2023-07-12 16:00:51 --> Session: Class initialized using 'CodeIgniter\Session\Handlers\FileHandler' driver.
CRITICAL - 2023-07-12 16:00:51 --> There is no data to update.
in SYSTEMPATH\BaseModel.php on line 1703.
 1 SYSTEMPATH\BaseModel.php(1703): CodeIgniter\Database\Exceptions\DataException::forEmptyDataset('update')
 2 SYSTEMPATH\BaseModel.php(910): CodeIgniter\BaseModel->transformDataToArray([], 'update')
 3 SYSTEMPATH\Model.php(756): CodeIgniter\BaseModel->update([...], Object(App\Entities\Tweet))
 4 SYSTEMPATH\BaseModel.php(690): CodeIgniter\Model->update('103', Object(App\Entities\Tweet))
 5 APPPATH\Models\TweetModel.php(52): CodeIgniter\BaseModel->save(Object(App\Entities\Tweet))
 6 APPPATH\Controllers\Tweet.php(79): App\Models\TweetModel->editTweet([...])
 7 SYSTEMPATH\CodeIgniter.php(934): App\Controllers\Tweet->editTweet()
 8 SYSTEMPATH\CodeIgniter.php(499): CodeIgniter\CodeIgniter->runController(Object(App\Controllers\Tweet))
 9 SYSTEMPATH\CodeIgniter.php(368): CodeIgniter\CodeIgniter->handleRequest(null, Object(Config\Cache), false)
10 FCPATH\index.php(67): CodeIgniter\CodeIgniter->run()
INFO - 2023-07-12 16:00:52 --> Session: Class initialized using 'CodeIgniter\Session\Handlers\FileHandler' driver.
INFO - 2023-07-12 16:00:54 --> Session: Class initialized using 'CodeIgniter\Session\Handlers\FileHandler' driver.
INFO - 2023-07-12 16:00:59 --> Session: Class initialized using 'CodeIgniter\Session\Handlers\FileHandler' driver.
INFO - 2023-07-12 16:00:59 --> Session: Class initialized using 'CodeIgniter\Session\Handlers\FileHandler' driver.
INFO - 2023-07-12 16:02:18 --> Session: Class initialized using 'CodeIgniter\Session\Handlers\FileHandler' driver.
INFO - 2023-07-12 16:02:23 --> Session: Class initialized using 'CodeIgniter\Session\Handlers\FileHandler' driver.
INFO - 2023-07-12 16:02:24 --> Session: Class initialized using 'CodeIgniter\Session\Handlers\FileHandler' driver.
INFO - 2023-07-12 16:02:28 --> Session: Class initialized using 'CodeIgniter\Session\Handlers\FileHandler' driver.
INFO - 2023-07-12 16:02:28 --> Session: Class initialized using 'CodeIgniter\Session\Handlers\FileHandler' driver.
INFO - 2023-07-12 16:02:31 --> Session: Class initialized using 'CodeIgniter\Session\Handlers\FileHandler' driver.
INFO - 2023-07-12 16:02:31 --> Session: Class initialized using 'CodeIgniter\Session\Handlers\FileHandler' driver.
INFO - 2023-07-12 16:03:02 --> Session: Class initialized using 'CodeIgniter\Session\Handlers\FileHandler' driver.
INFO - 2023-07-12 16:03:04 --> Session: Class initialized using 'CodeIgniter\Session\Handlers\FileHandler' driver.
INFO - 2023-07-12 16:03:04 --> Session: Class initialized using 'CodeIgniter\Session\Handlers\FileHandler' driver.
CRITICAL - 2023-07-12 16:03:06 --> unlink(C:\xampp\htdocs\tweetclone2\writable\debugbar/debugbar_1689177607.926084.json): No such file or directory
in SYSTEMPATH\Debug\Toolbar\Collectors\History.php on line 76.
 1 [internal function]: CodeIgniter\Debug\Exceptions->errorHandler(2, 'unlink(C:\\xampp\\htdocs\\tweetclone2\\writable\\debugbar/debugbar_1689177607.926084.json): No such file or directory', 'C:\\xampp\\htdocs\\tweetclone2\\system\\Debug\\Toolbar\\Collectors\\History.php', 76, [...])
 2 SYSTEMPATH\Debug\Toolbar\Collectors\History.php(76): unlink('C:\\xampp\\htdocs\\tweetclone2\\writable\\debugbar/debugbar_1689177607.926084.json')
 3 SYSTEMPATH\Debug\Toolbar.php(497): CodeIgniter\Debug\Toolbar\Collectors\History->setFiles('1689177785.456949', 20)
 4 SYSTEMPATH\Debug\Toolbar.php(474): CodeIgniter\Debug\Toolbar->format([...], 'html')
 5 APPPATH\Config\Events.php(46): CodeIgniter\Debug\Toolbar->respond()
 6 SYSTEMPATH\Events\Events.php(149): CodeIgniter\Events\Events::Config\{closure}()
 7 SYSTEMPATH\CodeIgniter.php(350): CodeIgniter\Events\Events::trigger('pre_system')
 8 FCPATH\index.php(67): CodeIgniter\CodeIgniter->run()
INFO - 2023-07-12 16:03:07 --> Session: Class initialized using 'CodeIgniter\Session\Handlers\FileHandler' driver.
INFO - 2023-07-12 16:03:07 --> Session: Class initialized using 'CodeIgniter\Session\Handlers\FileHandler' driver.
INFO - 2023-07-12 16:05:16 --> Session: Class initialized using 'CodeIgniter\Session\Handlers\FileHandler' driver.
INFO - 2023-07-12 16:05:18 --> Session: Class initialized using 'CodeIgniter\Session\Handlers\FileHandler' driver.
CRITICAL - 2023-07-12 16:05:19 --> unlink(C:\xampp\htdocs\tweetclone2\writable\debugbar/debugbar_1689177619.034807.json): No such file or directory
in SYSTEMPATH\Debug\Toolbar\Collectors\History.php on line 76.
 1 [internal function]: CodeIgniter\Debug\Exceptions->errorHandler(2, 'unlink(C:\\xampp\\htdocs\\tweetclone2\\writable\\debugbar/debugbar_1689177619.034807.json): No such file or directory', 'C:\\xampp\\htdocs\\tweetclone2\\system\\Debug\\Toolbar\\Collectors\\History.php', 76, [...])
 2 SYSTEMPATH\Debug\Toolbar\Collectors\History.php(76): unlink('C:\\xampp\\htdocs\\tweetclone2\\writable\\debugbar/debugbar_1689177619.034807.json')
 3 SYSTEMPATH\Debug\Toolbar.php(497): CodeIgniter\Debug\Toolbar\Collectors\History->setFiles('1689177918.633760', 20)
 4 SYSTEMPATH\Debug\Toolbar.php(474): CodeIgniter\Debug\Toolbar->format([...], 'html')
 5 APPPATH\Config\Events.php(46): CodeIgniter\Debug\Toolbar->respond()
 6 SYSTEMPATH\Events\Events.php(149): CodeIgniter\Events\Events::Config\{closure}()
 7 SYSTEMPATH\CodeIgniter.php(350): CodeIgniter\Events\Events::trigger('pre_system')
 8 FCPATH\index.php(67): CodeIgniter\CodeIgniter->run()
INFO - 2023-07-12 16:05:20 --> Session: Class initialized using 'CodeIgniter\Session\Handlers\FileHandler' driver.
INFO - 2023-07-12 16:09:33 --> Session: Class initialized using 'CodeIgniter\Session\Handlers\FileHandler' driver.
INFO - 2023-07-12 16:09:35 --> Session: Class initialized using 'CodeIgniter\Session\Handlers\FileHandler' driver.
INFO - 2023-07-12 16:09:49 --> Session: Class initialized using 'CodeIgniter\Session\Handlers\FileHandler' driver.
INFO - 2023-07-12 16:09:52 --> Session: Class initialized using 'CodeIgniter\Session\Handlers\FileHandler' driver.
INFO - 2023-07-12 16:11:08 --> Session: Class initialized using 'CodeIgniter\Session\Handlers\FileHandler' driver.
INFO - 2023-07-12 16:12:51 --> Session: Class initialized using 'CodeIgniter\Session\Handlers\FileHandler' driver.
INFO - 2023-07-12 16:14:27 --> Session: Class initialized using 'CodeIgniter\Session\Handlers\FileHandler' driver.
INFO - 2023-07-12 16:14:30 --> Session: Class initialized using 'CodeIgniter\Session\Handlers\FileHandler' driver.
CRITICAL - 2023-07-12 16:14:30 --> Undefined variable: data
in APPPATH\Controllers\Tweet.php on line 97.
 1 APPPATH\Controllers\Tweet.php(97): CodeIgniter\Debug\Exceptions->errorHandler(8, 'Undefined variable: data', 'C:\\xampp\\htdocs\\tweetclone2\\app\\Controllers\\Tweet.php', 97, [])
 2 SYSTEMPATH\CodeIgniter.php(934): App\Controllers\Tweet->changePic()
 3 SYSTEMPATH\CodeIgniter.php(499): CodeIgniter\CodeIgniter->runController(Object(App\Controllers\Tweet))
 4 SYSTEMPATH\CodeIgniter.php(368): CodeIgniter\CodeIgniter->handleRequest(null, Object(Config\Cache), false)
 5 FCPATH\index.php(67): CodeIgniter\CodeIgniter->run()
INFO - 2023-07-12 16:15:12 --> Session: Class initialized using 'CodeIgniter\Session\Handlers\FileHandler' driver.
CRITICAL - 2023-07-12 16:15:12 --> Undefined variable: tweet
in APPPATH\Controllers\Tweet.php on line 98.
 1 APPPATH\Controllers\Tweet.php(98): CodeIgniter\Debug\Exceptions->errorHandler(8, 'Undefined variable: tweet', 'C:\\xampp\\htdocs\\tweetclone2\\app\\Controllers\\Tweet.php', 98, [...])
 2 SYSTEMPATH\CodeIgniter.php(934): App\Controllers\Tweet->changePic()
 3 SYSTEMPATH\CodeIgniter.php(499): CodeIgniter\CodeIgniter->runController(Object(App\Controllers\Tweet))
 4 SYSTEMPATH\CodeIgniter.php(368): CodeIgniter\CodeIgniter->handleRequest(null, Object(Config\Cache), false)
 5 FCPATH\index.php(67): CodeIgniter\CodeIgniter->run()
