INFO - 2023-07-13 13:54:02 --> Session: Class initialized using 'CodeIgniter\Session\Handlers\FileHandler' driver.
INFO - 2023-07-13 13:54:03 --> Session: Class initialized using 'CodeIgniter\Session\Handlers\FileHandler' driver.
INFO - 2023-07-13 13:54:15 --> Session: Class initialized using 'CodeIgniter\Session\Handlers\FileHandler' driver.
INFO - 2023-07-13 13:54:17 --> Session: Class initialized using 'CodeIgniter\Session\Handlers\FileHandler' driver.
INFO - 2023-07-13 13:54:32 --> Session: Class initialized using 'CodeIgniter\Session\Handlers\FileHandler' driver.
INFO - 2023-07-13 13:54:32 --> Session: Class initialized using 'CodeIgniter\Session\Handlers\FileHandler' driver.
INFO - 2023-07-13 13:54:36 --> Session: Class initialized using 'CodeIgniter\Session\Handlers\FileHandler' driver.
INFO - 2023-07-13 13:54:48 --> Session: Class initialized using 'CodeIgniter\Session\Handlers\FileHandler' driver.
INFO - 2023-07-13 13:54:48 --> Session: Class initialized using 'CodeIgniter\Session\Handlers\FileHandler' driver.
INFO - 2023-07-13 13:55:08 --> Session: Class initialized using 'CodeIgniter\Session\Handlers\FileHandler' driver.
INFO - 2023-07-13 13:55:16 --> Session: Class initialized using 'CodeIgniter\Session\Handlers\FileHandler' driver.
INFO - 2023-07-13 13:55:17 --> Session: Class initialized using 'CodeIgniter\Session\Handlers\FileHandler' driver.
INFO - 2023-07-13 13:55:23 --> Session: Class initialized using 'CodeIgniter\Session\Handlers\FileHandler' driver.
CRITICAL - 2023-07-13 13:55:23 --> Undefined variable: tweet
in APPPATH\Controllers\Tweet.php on line 98.
 1 APPPATH\Controllers\Tweet.php(98): CodeIgniter\Debug\Exceptions->errorHandler(8, 'Undefined variable: tweet', 'C:\\xampp\\htdocs\\tweetclone2\\app\\Controllers\\Tweet.php', 98, [...])
 2 SYSTEMPATH\CodeIgniter.php(934): App\Controllers\Tweet->changePic()
 3 SYSTEMPATH\CodeIgniter.php(499): CodeIgniter\CodeIgniter->runController(Object(App\Controllers\Tweet))
 4 SYSTEMPATH\CodeIgniter.php(368): CodeIgniter\CodeIgniter->handleRequest(null, Object(Config\Cache), false)
 5 FCPATH\index.php(67): CodeIgniter\CodeIgniter->run()
INFO - 2023-07-13 14:06:36 --> Session: Class initialized using 'CodeIgniter\Session\Handlers\FileHandler' driver.
CRITICAL - 2023-07-13 14:06:36 --> syntax error, unexpected '}', expecting '('
in APPPATH\Models\UserModel.php on line 49.
 1 SYSTEMPATH\Autoloader\Autoloader.php(289): CodeIgniter\Autoloader\Autoloader->includeFile('C:\\xampp\\htdocs\\tweetclone2\\app\\Models\\UserModel.php')
 2 SYSTEMPATH\Autoloader\Autoloader.php(267): CodeIgniter\Autoloader\Autoloader->loadInNamespace('App\\Models\\UserModel')
 3 [internal function]: CodeIgniter\Autoloader\Autoloader->loadClass('App\\Models\\UserModel')
 4 APPPATH\Controllers\Tweet.php(20): spl_autoload_call('App\\Models\\UserModel')
 5 SYSTEMPATH\CodeIgniter.php(906): App\Controllers\Tweet->__construct()
 6 SYSTEMPATH\CodeIgniter.php(490): CodeIgniter\CodeIgniter->createController()
 7 SYSTEMPATH\CodeIgniter.php(368): CodeIgniter\CodeIgniter->handleRequest(null, Object(Config\Cache), false)
 8 FCPATH\index.php(67): CodeIgniter\CodeIgniter->run()
INFO - 2023-07-13 14:15:11 --> Session: Class initialized using 'CodeIgniter\Session\Handlers\FileHandler' driver.
INFO - 2023-07-13 14:24:11 --> Session: Class initialized using 'CodeIgniter\Session\Handlers\FileHandler' driver.
INFO - 2023-07-13 14:24:23 --> Session: Class initialized using 'CodeIgniter\Session\Handlers\FileHandler' driver.
INFO - 2023-07-13 14:25:11 --> Session: Class initialized using 'CodeIgniter\Session\Handlers\FileHandler' driver.
INFO - 2023-07-13 14:25:12 --> Session: Class initialized using 'CodeIgniter\Session\Handlers\FileHandler' driver.
INFO - 2023-07-13 14:26:03 --> Session: Class initialized using 'CodeIgniter\Session\Handlers\FileHandler' driver.
INFO - 2023-07-13 14:26:31 --> Session: Class initialized using 'CodeIgniter\Session\Handlers\FileHandler' driver.
CRITICAL - 2023-07-13 14:26:31 --> Undefined variable: tweet
in APPPATH\Views\tweet_add.php on line 19.
 1 APPPATH\Views\tweet_add.php(19): CodeIgniter\Debug\Exceptions->errorHandler(8, 'Undefined variable: tweet', 'C:\\xampp\\htdocs\\tweetclone2\\app\\Views\\tweet_add.php', 19, [...])
 2 SYSTEMPATH\View\View.php(213): include('C:\\xampp\\htdocs\\tweetclone2\\app\\Views\\tweet_add.php')
 3 SYSTEMPATH\View\View.php(216): CodeIgniter\View\View->CodeIgniter\View\{closure}()
 4 SYSTEMPATH\Common.php(1184): CodeIgniter\View\View->render('tweet_add', [], true)
 5 APPPATH\Controllers\Tweet.php(49): view('tweet_add', [...])
 6 SYSTEMPATH\CodeIgniter.php(934): App\Controllers\Tweet->addForm()
 7 SYSTEMPATH\CodeIgniter.php(499): CodeIgniter\CodeIgniter->runController(Object(App\Controllers\Tweet))
 8 SYSTEMPATH\CodeIgniter.php(368): CodeIgniter\CodeIgniter->handleRequest(null, Object(Config\Cache), false)
 9 FCPATH\index.php(67): CodeIgniter\CodeIgniter->run()
INFO - 2023-07-13 14:32:18 --> Session: Class initialized using 'CodeIgniter\Session\Handlers\FileHandler' driver.
INFO - 2023-07-13 14:32:20 --> Session: Class initialized using 'CodeIgniter\Session\Handlers\FileHandler' driver.
CRITICAL - 2023-07-13 14:32:20 --> Undefined index: picture
in APPPATH\Models\TweetModel.php on line 26.
 1 APPPATH\Models\TweetModel.php(26): CodeIgniter\Debug\Exceptions->errorHandler(8, 'Undefined index: picture', 'C:\\xampp\\htdocs\\tweetclone2\\app\\Models\\TweetModel.php', 26, [...])
 2 APPPATH\Controllers\Tweet.php(67): App\Models\TweetModel->newTweet([...], [...])
 3 SYSTEMPATH\CodeIgniter.php(934): App\Controllers\Tweet->addTweet()
 4 SYSTEMPATH\CodeIgniter.php(499): CodeIgniter\CodeIgniter->runController(Object(App\Controllers\Tweet))
 5 SYSTEMPATH\CodeIgniter.php(368): CodeIgniter\CodeIgniter->handleRequest(null, Object(Config\Cache), false)
 6 FCPATH\index.php(67): CodeIgniter\CodeIgniter->run()
INFO - 2023-07-13 14:32:22 --> Session: Class initialized using 'CodeIgniter\Session\Handlers\FileHandler' driver.
INFO - 2023-07-13 14:32:25 --> Session: Class initialized using 'CodeIgniter\Session\Handlers\FileHandler' driver.
CRITICAL - 2023-07-13 14:32:25 --> Undefined index: picture
in APPPATH\Models\TweetModel.php on line 26.
 1 APPPATH\Models\TweetModel.php(26): CodeIgniter\Debug\Exceptions->errorHandler(8, 'Undefined index: picture', 'C:\\xampp\\htdocs\\tweetclone2\\app\\Models\\TweetModel.php', 26, [...])
 2 APPPATH\Controllers\Tweet.php(67): App\Models\TweetModel->newTweet([...], [...])
 3 SYSTEMPATH\CodeIgniter.php(934): App\Controllers\Tweet->addTweet()
 4 SYSTEMPATH\CodeIgniter.php(499): CodeIgniter\CodeIgniter->runController(Object(App\Controllers\Tweet))
 5 SYSTEMPATH\CodeIgniter.php(368): CodeIgniter\CodeIgniter->handleRequest(null, Object(Config\Cache), false)
 6 FCPATH\index.php(67): CodeIgniter\CodeIgniter->run()
INFO - 2023-07-13 14:32:27 --> Session: Class initialized using 'CodeIgniter\Session\Handlers\FileHandler' driver.
INFO - 2023-07-13 14:32:48 --> Session: Class initialized using 'CodeIgniter\Session\Handlers\FileHandler' driver.
INFO - 2023-07-13 14:32:49 --> Session: Class initialized using 'CodeIgniter\Session\Handlers\FileHandler' driver.
CRITICAL - 2023-07-13 14:32:49 --> Undefined index: picture
in APPPATH\Models\TweetModel.php on line 26.
 1 APPPATH\Models\TweetModel.php(26): CodeIgniter\Debug\Exceptions->errorHandler(8, 'Undefined index: picture', 'C:\\xampp\\htdocs\\tweetclone2\\app\\Models\\TweetModel.php', 26, [...])
 2 APPPATH\Controllers\Tweet.php(67): App\Models\TweetModel->newTweet([...], [...])
 3 SYSTEMPATH\CodeIgniter.php(934): App\Controllers\Tweet->addTweet()
 4 SYSTEMPATH\CodeIgniter.php(499): CodeIgniter\CodeIgniter->runController(Object(App\Controllers\Tweet))
 5 SYSTEMPATH\CodeIgniter.php(368): CodeIgniter\CodeIgniter->handleRequest(null, Object(Config\Cache), false)
 6 FCPATH\index.php(67): CodeIgniter\CodeIgniter->run()
INFO - 2023-07-13 14:35:27 --> Session: Class initialized using 'CodeIgniter\Session\Handlers\FileHandler' driver.
INFO - 2023-07-13 14:35:28 --> Session: Class initialized using 'CodeIgniter\Session\Handlers\FileHandler' driver.
INFO - 2023-07-13 15:27:36 --> Session: Class initialized using 'CodeIgniter\Session\Handlers\FileHandler' driver.
ERROR - 2023-07-13 15:27:41 --> Error connecting to the database: mysqli_sql_exception: No connection could be made because the target machine actively refused it.
 in C:\xampp\htdocs\tweetclone2\system\Database\MySQLi\Connection.php:174
Stack trace:
#0 C:\xampp\htdocs\tweetclone2\system\Database\MySQLi\Connection.php(174): mysqli->real_connect('localhost', 'root', '', 'tweetclone2', 3306, '', 0)
#1 C:\xampp\htdocs\tweetclone2\system\Database\BaseConnection.php(391): CodeIgniter\Database\MySQLi\Connection->connect(false)
#2 C:\xampp\htdocs\tweetclone2\system\Database\BaseConnection.php(574): CodeIgniter\Database\BaseConnection->initialize()
#3 C:\xampp\htdocs\tweetclone2\system\Database\BaseBuilder.php(1616): CodeIgniter\Database\BaseConnection->query('SELECT *\nFROM `...', Array, false)
#4 C:\xampp\htdocs\tweetclone2\system\Model.php(200): CodeIgniter\Database\BaseBuilder->get()
#5 C:\xampp\htdocs\tweetclone2\system\BaseModel.php(557): CodeIgniter\Model->doFind(true, '11')
#6 C:\xampp\htdocs\tweetclone2\app\Controllers\Tweet.php(21): CodeIgniter\BaseModel->find('11')
#7 C:\xampp\htdocs\tweetclone2\system\CodeIgniter.php(906): App\Controllers\Tweet->__construct()
#8 C:\xampp\htdocs\tweetclone2\system\CodeIgniter.php(490): CodeIgniter\CodeIgniter->createController()
#9 C:\xampp\htdocs\tweetclone2\system\CodeIgniter.php(368): CodeIgniter\CodeIgniter->handleRequest(NULL, Object(Config\Cache), false)
#10 C:\xampp\htdocs\tweetclone2\public\index.php(67): CodeIgniter\CodeIgniter->run()
#11 C:\xampp\htdocs\tweetclone2\system\Commands\Server\rewrite.php(47): require_once('C:\\xampp\\htdocs...')
#12 {main}

Next CodeIgniter\Database\Exceptions\DatabaseException: No connection could be made because the target machine actively refused it.
 in C:\xampp\htdocs\tweetclone2\system\Database\MySQLi\Connection.php:218
Stack trace:
#0 C:\xampp\htdocs\tweetclone2\system\Database\BaseConnection.php(391): CodeIgniter\Database\MySQLi\Connection->connect(false)
#1 C:\xampp\htdocs\tweetclone2\system\Database\BaseConnection.php(574): CodeIgniter\Database\BaseConnection->initialize()
#2 C:\xampp\htdocs\tweetclone2\system\Database\BaseBuilder.php(1616): CodeIgniter\Database\BaseConnection->query('SELECT *\nFROM `...', Array, false)
#3 C:\xampp\htdocs\tweetclone2\system\Model.php(200): CodeIgniter\Database\BaseBuilder->get()
#4 C:\xampp\htdocs\tweetclone2\system\BaseModel.php(557): CodeIgniter\Model->doFind(true, '11')
#5 C:\xampp\htdocs\tweetclone2\app\Controllers\Tweet.php(21): CodeIgniter\BaseModel->find('11')
#6 C:\xampp\htdocs\tweetclone2\system\CodeIgniter.php(906): App\Controllers\Tweet->__construct()
#7 C:\xampp\htdocs\tweetclone2\system\CodeIgniter.php(490): CodeIgniter\CodeIgniter->createController()
#8 C:\xampp\htdocs\tweetclone2\system\CodeIgniter.php(368): CodeIgniter\CodeIgniter->handleRequest(NULL, Object(Config\Cache), false)
#9 C:\xampp\htdocs\tweetclone2\public\index.php(67): CodeIgniter\CodeIgniter->run()
#10 C:\xampp\htdocs\tweetclone2\system\Commands\Server\rewrite.php(47): require_once('C:\\xampp\\htdocs...')
#11 {main}
CRITICAL - 2023-07-13 15:27:41 --> Unable to connect to the database.
Main connection [MySQLi]: No connection could be made because the target machine actively refused it.

in SYSTEMPATH\Database\BaseConnection.php on line 427.
 1 SYSTEMPATH\Database\BaseConnection.php(574): CodeIgniter\Database\BaseConnection->initialize()
 2 SYSTEMPATH\Database\BaseBuilder.php(1616): CodeIgniter\Database\BaseConnection->query('SELECT *
FROM `users`
WHERE `users`.`id` = :users.id:', [...], false)
 3 SYSTEMPATH\Model.php(200): CodeIgniter\Database\BaseBuilder->get()
 4 SYSTEMPATH\BaseModel.php(557): CodeIgniter\Model->doFind(true, '11')
 5 APPPATH\Controllers\Tweet.php(21): CodeIgniter\BaseModel->find('11')
 6 SYSTEMPATH\CodeIgniter.php(906): App\Controllers\Tweet->__construct()
 7 SYSTEMPATH\CodeIgniter.php(490): CodeIgniter\CodeIgniter->createController()
 8 SYSTEMPATH\CodeIgniter.php(368): CodeIgniter\CodeIgniter->handleRequest(null, Object(Config\Cache), false)
 9 FCPATH\index.php(67): CodeIgniter\CodeIgniter->run()
10 SYSTEMPATH\Commands\Server\rewrite.php(47): require_once('C:\\xampp\\htdocs\\tweetclone2\\public\\index.php')
INFO - 2023-07-13 15:28:21 --> Session: Class initialized using 'CodeIgniter\Session\Handlers\FileHandler' driver.
INFO - 2023-07-13 15:28:36 --> Session: Class initialized using 'CodeIgniter\Session\Handlers\FileHandler' driver.
CRITICAL - 2023-07-13 15:28:36 --> Undefined property: App\Controllers\Auth::$userMdl
in APPPATH\Controllers\Auth.php on line 62.
 1 APPPATH\Controllers\Auth.php(62): CodeIgniter\Debug\Exceptions->errorHandler(8, 'Undefined property: App\\Controllers\\Auth::$userMdl', 'C:\\xampp\\htdocs\\tweetclone2\\app\\Controllers\\Auth.php', 62, [])
 2 SYSTEMPATH\CodeIgniter.php(934): App\Controllers\Auth->editUser()
 3 SYSTEMPATH\CodeIgniter.php(499): CodeIgniter\CodeIgniter->runController(Object(App\Controllers\Auth))
 4 SYSTEMPATH\CodeIgniter.php(368): CodeIgniter\CodeIgniter->handleRequest(null, Object(Config\Cache), false)
 5 FCPATH\index.php(67): CodeIgniter\CodeIgniter->run()
INFO - 2023-07-13 15:50:47 --> Session: Class initialized using 'CodeIgniter\Session\Handlers\FileHandler' driver.
INFO - 2023-07-13 15:50:53 --> Session: Class initialized using 'CodeIgniter\Session\Handlers\FileHandler' driver.
INFO - 2023-07-13 15:50:55 --> Session: Class initialized using 'CodeIgniter\Session\Handlers\FileHandler' driver.
INFO - 2023-07-13 15:51:21 --> Session: Class initialized using 'CodeIgniter\Session\Handlers\FileHandler' driver.
INFO - 2023-07-13 15:51:27 --> Session: Class initialized using 'CodeIgniter\Session\Handlers\FileHandler' driver.
INFO - 2023-07-13 15:51:29 --> Session: Class initialized using 'CodeIgniter\Session\Handlers\FileHandler' driver.
INFO - 2023-07-13 15:53:12 --> Session: Class initialized using 'CodeIgniter\Session\Handlers\FileHandler' driver.
INFO - 2023-07-13 16:00:16 --> Session: Class initialized using 'CodeIgniter\Session\Handlers\FileHandler' driver.
INFO - 2023-07-13 16:05:51 --> Session: Class initialized using 'CodeIgniter\Session\Handlers\FileHandler' driver.
